<?xml version="1.0" encoding="UTF-8"?>
<!-- Generated by org.testng.reporters.JUnitReportReporter -->
<testsuite skipped="1" hostname="Shivani-PC" name="test.CheckoutTest" tests="1" failures="0" timestamp="16 Dec 2019 16:46:07 GMT" time="0.000" errors="0">
  <testcase name="createloginforcheckout" time="0.000" classname="test.CheckoutTest">
    <skipped/>
  </testcase> <!-- createloginforcheckout -->
</testsuite> <!-- test.CheckoutTest -->
