<?xml version="1.0" encoding="UTF-8"?>
<!-- Generated by org.testng.reporters.JUnitReportReporter -->
<testsuite skipped="0" hostname="Shivani-PC" name="test.LoginTest" tests="1" failures="0" timestamp="16 Dec 2019 17:06:18 GMT" time="4.143" errors="0">
  <testcase name="womancolth" time="4.143" classname="test.LoginTest"/>
</testsuite> <!-- test.LoginTest -->
