<?xml version="1.0" encoding="UTF-8"?>
<!-- Generated by org.testng.reporters.JUnitReportReporter -->
<testsuite skipped="0" hostname="Shivani-PC" name="base.Baseclass" tests="1" failures="0" timestamp="27 Jul 2019 16:22:25 GMT" time="23.704" errors="0">
  <testcase name="intialization" time="23.704" classname="base.Baseclass"/>
</testsuite> <!-- base.Baseclass -->
