<?xml version="1.0" encoding="UTF-8"?>
<!-- Generated by org.testng.reporters.JUnitReportReporter -->
<testsuite skipped="1" hostname="Shivani-PC" name="test.CatlogTest" tests="1" failures="0" timestamp="16 Dec 2019 16:46:07 GMT" time="0.000" errors="0">
  <testcase name="cartpage" time="0.000" classname="test.CatlogTest">
    <skipped/>
  </testcase> <!-- cartpage -->
</testsuite> <!-- test.CatlogTest -->
